<?xml version="1.0" encoding="UTF-8"?>
<!-- Generated by org.testng.reporters.JUnitXMLReporter -->
<testsuite hostname="LAPTOP-S4SARGMT" ignored="0" name="facebook" tests="1" failures="1" timestamp="2019-10-28T13:26:47 EDT" time="12.058" errors="0">
  <testcase name="f" time="0.027" classname="TestNGExecute.AmazonTestNG">
    <failure type="java.lang.NullPointerException">
      <![CDATA[java.lang.NullPointerException
at org.openqa.selenium.support.pagefactory.DefaultElementLocator.findElement(DefaultElementLocator.java:69)
at org.openqa.selenium.support.pagefactory.internal.LocatingElementHandler.invoke(LocatingElementHandler.java:38)
at com.sun.proxy.$Proxy9.click(Unknown Source)
at POM.HomeA.prime(HomeA.java:23)
at TestNGExecute.AmazonTestNG.f(AmazonTestNG.java:26)
at java.util.ArrayList.forEach(Unknown Source)
... Removed 27 stack frames]]>
    </failure>
  </testcase> <!-- f -->
</testsuite> <!-- facebook -->
