<?xml version="1.0" encoding="UTF-8"?>
<!-- Generated by org.testng.reporters.JUnitXMLReporter -->
<testsuite hostname="LAPTOP-S4SARGMT" ignored="0" name="thirdtest" tests="3" failures="0" timestamp="2019-10-28T13:26:35 EDT" time="0.019" errors="0">
  <testcase name="secondtest" time="0.002" classname="TestNG.secondtest"/>
  <testcase name="thirdtest" time="0.002" classname="TestNG.secondtest"/>
  <testcase name="thirdtest" time="0.002" classname="TestNG.thirdtest"/>
</testsuite> <!-- thirdtest -->
