<?xml version="1.0" encoding="UTF-8"?>
<testng-results skipped="0" failed="0" ignored="0" total="2" passed="2">
  <reporter-output>
  </reporter-output>
  <suite name="Default suite" duration-ms="41" started-at="2019-10-29T15:49:50 EDT" finished-at="2019-10-29T15:49:50 EDT">
    <groups>
    </groups>
    <test name="Default test" duration-ms="41" started-at="2019-10-29T15:49:50 EDT" finished-at="2019-10-29T15:49:50 EDT">
      <class name="TestNG.FirstTestNG">
        <test-method status="PASS" signature="beforeClass()[pri:0, instance:TestNG.FirstTestNG@23e028a9]" name="beforeClass" is-config="true" duration-ms="8" started-at="2019-10-29T15:49:50 EDT" finished-at="2019-10-29T15:49:50 EDT">
          <reporter-output>
          </reporter-output>
        </test-method> <!-- beforeClass -->
        <test-method status="PASS" signature="secondtestcase()[pri:0, instance:TestNG.FirstTestNG@23e028a9]" name="secondtestcase" duration-ms="4" started-at="2019-10-29T15:49:50 EDT" finished-at="2019-10-29T15:49:50 EDT">
          <reporter-output>
          </reporter-output>
        </test-method> <!-- secondtestcase -->
        <test-method status="PASS" signature="f()[pri:1, instance:TestNG.FirstTestNG@23e028a9]" name="f" duration-ms="1" started-at="2019-10-29T15:49:50 EDT" finished-at="2019-10-29T15:49:50 EDT">
          <reporter-output>
          </reporter-output>
        </test-method> <!-- f -->
        <test-method status="PASS" signature="afterClass()[pri:0, instance:TestNG.FirstTestNG@23e028a9]" name="afterClass" is-config="true" duration-ms="0" started-at="2019-10-29T15:49:50 EDT" finished-at="2019-10-29T15:49:50 EDT">
          <reporter-output>
          </reporter-output>
        </test-method> <!-- afterClass -->
      </class> <!-- TestNG.FirstTestNG -->
    </test> <!-- Default test -->
  </suite> <!-- Default suite -->
</testng-results>
